PA5 heat transfer Project, 3rd grading run at 03:30am April 6

Matlab results
KPP Matrix (1pt): Missing  
KPF Matrix (1pt): Missing  
KFF Matrix (1pt): Missing  
KFP Matrix (1pt): Missing  
PUR Vector (1pt): Missing  
UUR Vector (1pt): Missing  
Flux at Centroid (1pt): Missing  
Flux at Nodes (1pt): Missing  
Flux at IntegrationPoints (1pt): Missing  
Flux Magnitude at Nodes (1pt): Missing  
~~~~~~~~~~~~~
Total Points = 0

C results
KPP Matrix (1pt): Missing  
KPF Matrix (1pt): Missing  
KFF Matrix (1pt): Missing  
KFP Matrix (1pt): Missing  
PUR Vector (1pts): Missing  
UUR Vector (1pts): Missing  
Flux at Centroid (1pt): Missing  
Flux at Nodes (1pt): Missing  
Flux at IntegrationPoints (1pt): Missing  
Flux Magnitude at Nodes (1pt): Missing  
~~~~~~~~~~~~~
Total Points = 0

